#
# A fatal error has been detected by the Java Runtime Environment:
#
#  EXCEPTION_ACCESS_VIOLATION (0xc0000005) at pc=0x000000006e6823fe, pid=12740, tid=0x000000000000046c
#
# JRE version: OpenJDK Runtime Environment (8.0_362-b08) (build 1.8.0_362-b08)
# Java VM: OpenJDK 64-Bit Server VM (25.362-b08 mixed mode windows-amd64 compressed oops)
# Problematic frame:
# C  [nativeLibC.dll+0x23fe]
#
# Failed to write core dump. Minidumps are not enabled by default on client versions of Windows
#
# If you would like to submit a bug report, please visit:
#   https://github.com/corretto/corretto-8/issues/
# The crash happened outside the Java Virtual Machine in native code.
# See problematic frame for where to report the bug.
#

---------------  T H R E A D  ---------------

Current thread (0x00000282a14ec800):  JavaThread "main" [_thread_in_native, id=1132, stack(0x000000f0db400000,0x000000f0db500000)]

siginfo: ExceptionCode=0xc0000005, writing address 0x000000006e686000

Registers:
RAX=0x00000000000003fe, RBX=0x00000282bba32f58, RCX=0x00000000000003fe, RDX=0x00000000000003fe
RSP=0x000000f0db4ff6d8, RBP=0x000000f0db4ff700, RSI=0x0000000020200021, RDI=0x00000282a2e380bd
R8 =0x00000000000003fe, R9 =0x00000000000003fe, R10=0x000000006e681380, R11=0x00000282a2f3f9d8
R12=0x0000000000000000, R13=0x000000f0db4ff790, R14=0x0000000000000000, R15=0x00000282a14ec800
RIP=0x000000006e6823fe, EFLAGS=0x0000000000010202

Top of Stack: (sp=0x000000f0db4ff6d8)
0x000000f0db4ff6d8:   000000006e6813a5 000000010000003b
0x000000f0db4ff6e8:   00000282a2e4a270 00000282a14eca60
0x000000f0db4ff6f8:   000000f0db4ff7a0 000000f0db4ff770
0x000000f0db4ff708:   00000282a2f3fa98 00000282a14eca60
0x000000f0db4ff718:   000000f0db4ff730 000000f0000003fe
0x000000f0db4ff728:   00000282000003fe 000000076b9357d8
0x000000f0db4ff738:   00000282bba32f58 000000f0db4ff7a0
0x000000f0db4ff748:   00000282bba33128 0000000000000000
0x000000f0db4ff758:   00000282bba32f58 0000000000000000
0x000000f0db4ff768:   000000f0db4ff790 000000f0db4ff7e8
0x000000f0db4ff778:   00000282a2e380bd 0000000000000000
0x000000f0db4ff788:   00000282a2e380bd 00000000000003fe
0x000000f0db4ff798:   00000000000003fe 000000076b9357d8
0x000000f0db4ff7a8:   000000f0db4ff7a8 00000282bba32b0e
0x000000f0db4ff7b8:   000000f0db4ff810 00000282bba32bf8
0x000000f0db4ff7c8:   0000000000000000 00000282bba32b80 

Instructions: (pc=0x000000006e6823fe)
0x000000006e6823de:   90 90 ff 25 16 8d 00 00 90 90 0f 1f 84 00 00 00
0x000000006e6823ee:   00 00 8b 05 1a 2c 00 00 48 89 0c c5 10 30 68 6e
0x000000006e6823fe:   48 89 14 c5 10 40 68 6e ff 05 04 2c 00 00 c3 48
0x000000006e68240e:   8b f1 8b 0d fa 2b 00 00 48 33 c0 48 39 34 c5 10 


Register to memory mapping:

RAX=0x00000000000003fe is an unknown value
RBX={method} {0x00000282bba32f60} 'allocateInt' '(II)V' in 'Allocator'
RCX=0x00000000000003fe is an unknown value
RDX=0x00000000000003fe is an unknown value
RSP=0x000000f0db4ff6d8 is pointing into the stack for thread: 0x00000282a14ec800
RBP=0x000000f0db4ff700 is pointing into the stack for thread: 0x00000282a14ec800
RSI=0x0000000020200021 is an unknown value
RDI=0x00000282a2e380bd is at code_begin+2301 in an Interpreter codelet
invoke return entry points  [0x00000282a2e377c0, 0x00000282a2e381a0]  2528 bytes
R8 =0x00000000000003fe is an unknown value
R9 =0x00000000000003fe is an unknown value
R10=0x000000006e681380 is an unknown value
R11=0x00000282a2f3f9d8 is at entry_point+24 in (nmethod*)0x00000282a2f3f850
R12=0x0000000000000000 is an unknown value
R13=0x000000f0db4ff790 is pointing into the stack for thread: 0x00000282a14ec800
R14=0x0000000000000000 is an unknown value
R15=0x00000282a14ec800 is a thread


Stack: [0x000000f0db400000,0x000000f0db500000],  sp=0x000000f0db4ff6d8,  free space=1021k
Native frames: (J=compiled Java code, j=interpreted, Vv=VM code, C=native code)
C  [nativeLibC.dll+0x23fe]

Java frames: (J=compiled Java code, j=interpreted, Vv=VM code)
J 22  Allocator.allocateInt(II)V (0 bytes) @ 0x00000282a2f3f9fb [0x00000282a2f3f9c0+0x3b]
j  Main.main([Ljava/lang/String;)V+22
v  ~StubRoutines::call_stub

---------------  P R O C E S S  ---------------

Java Threads: ( => current thread )
  0x00000282bdfac000 JavaThread "Service Thread" daemon [_thread_blocked, id=11740, stack(0x000000f0dc700000,0x000000f0dc800000)]
  0x00000282bdf77000 JavaThread "C1 CompilerThread3" daemon [_thread_blocked, id=5320, stack(0x000000f0dc600000,0x000000f0dc700000)]
  0x00000282bdf72800 JavaThread "C2 CompilerThread2" daemon [_thread_blocked, id=11712, stack(0x000000f0dc500000,0x000000f0dc600000)]
  0x00000282bdf71000 JavaThread "C2 CompilerThread1" daemon [_thread_blocked, id=5800, stack(0x000000f0dc400000,0x000000f0dc500000)]
  0x00000282bdf6f000 JavaThread "C2 CompilerThread0" daemon [_thread_blocked, id=8352, stack(0x000000f0dc300000,0x000000f0dc400000)]
  0x00000282bdf61800 JavaThread "Monitor Ctrl-Break" daemon [_thread_in_native, id=5868, stack(0x000000f0dc200000,0x000000f0dc300000)]
  0x00000282bc0b9000 JavaThread "Attach Listener" daemon [_thread_blocked, id=7100, stack(0x000000f0dc100000,0x000000f0dc200000)]
  0x00000282bc0b8800 JavaThread "Signal Dispatcher" daemon [_thread_blocked, id=14944, stack(0x000000f0dc000000,0x000000f0dc100000)]
  0x00000282bc08f000 JavaThread "Finalizer" daemon [_thread_blocked, id=12212, stack(0x000000f0dbf00000,0x000000f0dc000000)]
  0x00000282bc087800 JavaThread "Reference Handler" daemon [_thread_blocked, id=15348, stack(0x000000f0dbe00000,0x000000f0dbf00000)]
=>0x00000282a14ec800 JavaThread "main" [_thread_in_native, id=1132, stack(0x000000f0db400000,0x000000f0db500000)]

Other Threads:
  0x00000282bc056000 VMThread [stack: 0x000000f0dbd00000,0x000000f0dbe00000] [id=11176]
  0x00000282be011000 WatcherThread [stack: 0x000000f0dc800000,0x000000f0dc900000] [id=5952]

VM state:not at safepoint (normal execution)

VM Mutex/Monitor currently owned by a thread: None

heap address: 0x00000006c2800000, size: 4056 MB, Compressed Oops mode: Zero based, Oop shift amount: 3
Narrow klass base: 0x0000000000000000, Narrow klass shift: 3
Compressed class space size: 1073741824 Address: 0x00000007c0000000

Heap:
 PSYoungGen      total 75776K, used 3901K [0x000000076b800000, 0x0000000770c80000, 0x00000007c0000000)
  eden space 65024K, 6% used [0x000000076b800000,0x000000076bbcf5f8,0x000000076f780000)
  from space 10752K, 0% used [0x0000000770200000,0x0000000770200000,0x0000000770c80000)
  to   space 10752K, 0% used [0x000000076f780000,0x000000076f780000,0x0000000770200000)
 ParOldGen       total 173568K, used 0K [0x00000006c2800000, 0x00000006cd180000, 0x000000076b800000)
  object space 173568K, 0% used [0x00000006c2800000,0x00000006c2800000,0x00000006cd180000)
 Metaspace       used 3351K, capacity 4500K, committed 4864K, reserved 1056768K
  class space    used 363K, capacity 388K, committed 512K, reserved 1048576K

Card table byte_map: [0x00000282b21f0000,0x00000282b29e0000] byte_map_base: 0x00000282aebdc000

Marking Bits: (ParMarkBitMap*) 0x00000000527a6830
 Begin Bits: [0x00000282b2f30000, 0x00000282b6e90000)
 End Bits:   [0x00000282b6e90000, 0x00000282badf0000)

Polling page: 0x00000282a2e00000

CodeCache: size=245760Kb used=1118Kb max_used=1118Kb free=244641Kb
 bounds [0x00000282a2e30000, 0x00000282a30a0000, 0x00000282b1e30000]
 total_blobs=281 nmethods=26 adapters=169
 compilation: enabled

Compilation events (10 events):
Event: 0.101 Thread 0x00000282bdf77000 nmethod 15 0x00000282a2f42fd0 code [0x00000282a2f43180, 0x00000282a2f438c0]
Event: 0.101 Thread 0x00000282bdf77000   16       3       java.lang.String::indexOf (7 bytes)
Event: 0.101 Thread 0x00000282bdf77000 nmethod 16 0x00000282a2f427d0 code [0x00000282a2f42940, 0x00000282a2f42b50]
Event: 0.101 Thread 0x00000282bdf77000   18       3       java.lang.AbstractStringBuilder::append (50 bytes)
Event: 0.102 Thread 0x00000282bdf77000 nmethod 18 0x00000282a2f40750 code [0x00000282a2f40920, 0x00000282a2f41080]
Event: 0.102 Thread 0x00000282bdf77000   19       1       sun.instrument.TransformerManager::getSnapshotTransformerList (5 bytes)
Event: 0.102 Thread 0x00000282bdf77000 nmethod 19 0x00000282a2f424d0 code [0x00000282a2f42620, 0x00000282a2f42738]
Event: 0.102 Thread 0x00000282bdf72800 nmethod 3 0x00000282a2f40410 code [0x00000282a2f40540, 0x00000282a2f406b8]
Event: 0.103 Thread 0x00000282bdf6f000 nmethod 6 0x00000282a2f3fed0 code [0x00000282a2f40020, 0x00000282a2f40298]
Event: 0.103 Thread 0x00000282bdf77000   20       3       java.util.HashMap::getNode (148 bytes)

GC Heap History (0 events):
No events

Deoptimization events (0 events):
No events

Classes redefined (0 events):
No events

Internal exceptions (2 events):
Event: 0.024 Thread 0x00000282a14ec800 Exception <a 'java/lang/NoSuchMethodError': Method sun.misc.Unsafe.defineClass(Ljava/lang/String;[BII)Ljava/lang/Class; name or signature does not match> (0x000000076b8082a0) thrown at [C:\wsjdk\Corretto8Src\installers\windows\zip\corretto-build\buildRoot
Event: 0.024 Thread 0x00000282a14ec800 Exception <a 'java/lang/NoSuchMethodError': Method sun.misc.Unsafe.prefetchRead(Ljava/lang/Object;J)V name or signature does not match> (0x000000076b808588) thrown at [C:\wsjdk\Corretto8Src\installers\windows\zip\corretto-build\buildRoot\hotspot\src\share

Events (10 events):
Event: 0.102 loading class java/lang/ClassLoaderHelper done
Event: 0.103 loading class java/net/SocketImpl
Event: 0.103 loading class java/net/SocketOptions
Event: 0.103 loading class java/net/SocketOptions done
Event: 0.103 loading class java/net/SocketImpl done
Event: 0.103 loading class java/net/AbstractPlainSocketImpl done
Event: 0.103 loading class java/net/PlainSocketImpl done
Event: 0.103 loading class java/net/SocksSocketImpl done
Event: 0.103 loading class java/net/AbstractPlainSocketImpl$1
Event: 0.103 loading class java/net/AbstractPlainSocketImpl$1 done


Dynamic libraries:
0x00007ff7bf270000 - 0x00007ff7bf2aa000 	C:\Users\kamil\.jdks\corretto-1.8.0_362\bin\java.exe
0x00007ff92c310000 - 0x00007ff92c507000 	C:\Windows\SYSTEM32\ntdll.dll
0x00007ff92a7e0000 - 0x00007ff92a89d000 	C:\Windows\System32\KERNEL32.DLL
0x00007ff929c40000 - 0x00007ff929f36000 	C:\Windows\System32\KERNELBASE.dll
0x00007ff92ba30000 - 0x00007ff92bade000 	C:\Windows\System32\ADVAPI32.dll
0x00007ff92b5f0000 - 0x00007ff92b68e000 	C:\Windows\System32\msvcrt.dll
0x00007ff92baf0000 - 0x00007ff92bb8c000 	C:\Windows\System32\sechost.dll
0x00007ff92aac0000 - 0x00007ff92abe6000 	C:\Windows\System32\RPCRT4.dll
0x00007ff92b6a0000 - 0x00007ff92b83e000 	C:\Windows\System32\USER32.dll
0x00007ff929c10000 - 0x00007ff929c32000 	C:\Windows\System32\win32u.dll
0x00007ff92a370000 - 0x00007ff92a39c000 	C:\Windows\System32\GDI32.dll
0x00007ff92a0a0000 - 0x00007ff92a1ba000 	C:\Windows\System32\gdi32full.dll
0x00007ff929a70000 - 0x00007ff929b0d000 	C:\Windows\System32\msvcp_win.dll
0x00007ff929b10000 - 0x00007ff929c10000 	C:\Windows\System32\ucrtbase.dll
0x00007ff913600000 - 0x00007ff91389a000 	C:\Windows\WinSxS\amd64_microsoft.windows.common-controls_6595b64144ccf1df_6.0.19041.3570_none_60bb2a3971f3e41a\COMCTL32.dll
0x00007ff92c0b0000 - 0x00007ff92c0e0000 	C:\Windows\System32\IMM32.DLL
0x00007ff8ef4d0000 - 0x00007ff8ef5bf000 	C:\Users\kamil\.jdks\corretto-1.8.0_362\jre\bin\msvcr120.dll
0x00007ff8ef420000 - 0x00007ff8ef4c6000 	C:\Users\kamil\.jdks\corretto-1.8.0_362\jre\bin\msvcp120.dll
0x0000000051fb0000 - 0x0000000052825000 	C:\Users\kamil\.jdks\corretto-1.8.0_362\jre\bin\server\jvm.dll
0x00007ff92b690000 - 0x00007ff92b698000 	C:\Windows\System32\PSAPI.DLL
0x00007ff90cc80000 - 0x00007ff90cca7000 	C:\Windows\SYSTEM32\WINMM.dll
0x00007ff924570000 - 0x00007ff924579000 	C:\Windows\SYSTEM32\WSOCK32.dll
0x00007ff921b90000 - 0x00007ff921b9a000 	C:\Windows\SYSTEM32\VERSION.dll
0x00007ff92b4d0000 - 0x00007ff92b53b000 	C:\Windows\System32\WS2_32.dll
0x00007ff924310000 - 0x00007ff92431f000 	C:\Users\kamil\.jdks\corretto-1.8.0_362\jre\bin\verify.dll
0x00007ff8ff4f0000 - 0x00007ff8ff519000 	C:\Users\kamil\.jdks\corretto-1.8.0_362\jre\bin\java.dll
0x00007ff8fe460000 - 0x00007ff8fe48a000 	C:\Users\kamil\.jdks\corretto-1.8.0_362\jre\bin\instrument.dll
0x00007ff902e30000 - 0x00007ff902e46000 	C:\Users\kamil\.jdks\corretto-1.8.0_362\jre\bin\zip.dll
0x00007ff92abf0000 - 0x00007ff92b334000 	C:\Windows\System32\SHELL32.dll
0x00007ff927a90000 - 0x00007ff92822b000 	C:\Windows\SYSTEM32\windows.storage.dll
0x00007ff92a3a0000 - 0x00007ff92a6f4000 	C:\Windows\System32\combase.dll
0x00007ff9293c0000 - 0x00007ff9293ed000 	C:\Windows\SYSTEM32\Wldp.dll
0x00007ff92c1c0000 - 0x00007ff92c26d000 	C:\Windows\System32\SHCORE.dll
0x00007ff92c270000 - 0x00007ff92c2c5000 	C:\Windows\System32\shlwapi.dll
0x00007ff929920000 - 0x00007ff929945000 	C:\Windows\SYSTEM32\profapi.dll
0x00007ff9023d0000 - 0x00007ff9023ea000 	C:\Program Files\JetBrains\IntelliJ IDEA Community Edition 2022.3.2\bin\breakgen64.dll
0x00007ff8ff950000 - 0x00007ff8ff96a000 	C:\Users\kamil\.jdks\corretto-1.8.0_362\jre\bin\net.dll
0x00007ff929120000 - 0x00007ff92918a000 	C:\Windows\system32\mswsock.dll
0x000000006e680000 - 0x000000006e696000 	C:\Users\kamil\IdeaProjects\AllocateMemory\src\nativeLibC.dll
0x00007ff914bf0000 - 0x00007ff914dd4000 	C:\Windows\SYSTEM32\dbghelp.dll
0x00007ff92a230000 - 0x00007ff92a2b2000 	C:\Windows\System32\bcryptPrimitives.dll

VM Arguments:
jvm_args: -Djava.library.path=C:\Users\kamil\IdeaProjects\AllocateMemory\src -javaagent:C:\Program Files\JetBrains\IntelliJ IDEA Community Edition 2022.3.2\lib\idea_rt.jar=63137:C:\Program Files\JetBrains\IntelliJ IDEA Community Edition 2022.3.2\bin -Dfile.encoding=UTF-8 
java_command: Main
java_class_path (initial): C:\Users\kamil\.jdks\corretto-1.8.0_362\jre\lib\charsets.jar;C:\Users\kamil\.jdks\corretto-1.8.0_362\jre\lib\ext\access-bridge-64.jar;C:\Users\kamil\.jdks\corretto-1.8.0_362\jre\lib\ext\cldrdata.jar;C:\Users\kamil\.jdks\corretto-1.8.0_362\jre\lib\ext\dnsns.jar;C:\Users\kamil\.jdks\corretto-1.8.0_362\jre\lib\ext\jaccess.jar;C:\Users\kamil\.jdks\corretto-1.8.0_362\jre\lib\ext\jfxrt.jar;C:\Users\kamil\.jdks\corretto-1.8.0_362\jre\lib\ext\localedata.jar;C:\Users\kamil\.jdks\corretto-1.8.0_362\jre\lib\ext\nashorn.jar;C:\Users\kamil\.jdks\corretto-1.8.0_362\jre\lib\ext\sunec.jar;C:\Users\kamil\.jdks\corretto-1.8.0_362\jre\lib\ext\sunjce_provider.jar;C:\Users\kamil\.jdks\corretto-1.8.0_362\jre\lib\ext\sunmscapi.jar;C:\Users\kamil\.jdks\corretto-1.8.0_362\jre\lib\ext\sunpkcs11.jar;C:\Users\kamil\.jdks\corretto-1.8.0_362\jre\lib\ext\zipfs.jar;C:\Users\kamil\.jdks\corretto-1.8.0_362\jre\lib\jce.jar;C:\Users\kamil\.jdks\corretto-1.8.0_362\jre\lib\jfr.jar;C:\Users\kamil\.jdks\corretto-1.8.0_362\jre\lib\jfxswt.jar;C:\Users\kamil\.jdks\corretto-1.8.0_362\jre\lib\jsse.jar;C:\Users\kamil\.jdks\corretto-1.8.0_362\jre\lib\management-agent.jar;C:\Users\kamil\.jdks\corretto-1.8.0_362\jre\lib\resources.jar;C:\Users\kamil\.jdks\corretto-1.8.0_362\jre\lib\rt.jar;C:\Users\kamil\IdeaProjects\AllocateMemory\out\production\AllocateMemory;C:\Program Files\JetBrains\IntelliJ IDEA Community Edition 2022.3.2\lib\idea_rt.jar
Launcher Type: SUN_STANDARD

Environment Variables:
JAVA_HOME=C:\Users\kamil\.jdks\openjdk-19.0.2
PATH=C:\Program Files (x86)\Common Files\Oracle\Java\javapath;C:\Windows\system32;C:\Windows;C:\Windows\System32\Wbem;C:\Windows\System32\WindowsPowerShell\v1.0\;C:\Windows\System32\OpenSSH\;C:\Program Files\Git\cmd;C:\Program Files\Azure Data Studio\bin;C:\Program Files (x86)\Microsoft SQL Server\160\Tools\Binn\;C:\Program Files\Microsoft SQL Server\160\Tools\Binn\;C:\Program Files\Microsoft SQL Server\Client SDK\ODBC\170\Tools\Binn\;C:\Program Files\Microsoft SQL Server\160\DTS\Binn\;C:\Program Files (x86)\Microsoft SQL Server\160\DTS\Binn\;C:\Users\kamil\.jdks\openjdk-19.0.2\bin;C:\Users\kamil\.jdks\openjdk-19.0.2\bin;C:\Users\kamil\GW\bin;C:\Program Files\Microsoft Visual Studio\2022\Community\VC\Tools\MSVC\14.36.32532\bin\Hostx64\x64;C:\Users\kamil\AppData\Local\Microsoft\WindowsApps;;C:\Program Files\JetBrains\PyCharm Community Edition 2022.3.2\bin;;C:\Program Files\Azure Data Studio\bin
USERNAME=kamil
OS=Windows_NT
PROCESSOR_IDENTIFIER=Intel64 Family 6 Model 142 Stepping 12, GenuineIntel



---------------  S Y S T E M  ---------------

OS: Windows 10 , 64 bit Build 19041 (10.0.19041.3570)

CPU:total 8 (initial active 8) (4 cores per cpu, 2 threads per core) family 6 model 142 stepping 12, cmov, cx8, fxsr, mmx, sse, sse2, sse3, ssse3, sse4.1, sse4.2, popcnt, avx, avx2, aes, clmul, erms, 3dnowpref, lzcnt, ht, tsc, tscinvbit, bmi1, bmi2, adx

Memory: 4k page, physical 16606512k(7925008k free), swap 19096880k(7956984k free)

vm_info: OpenJDK 64-Bit Server VM (25.362-b08) for windows-amd64 JRE (1.8.0_362-b08), built on Jan 13 2023 13:30:12 by "Administrator" with MS VC++ 12.0 (VS2013)

time: Mon Nov 06 18:21:40 2023
timezone: RTZ 2 (зима)
elapsed time: 0.118928 seconds (0d 0h 0m 0s)

